<?xml version="1.0" encoding="UTF-8"?>
<!-- Generated by org.testng.reporters.JUnitReportReporter -->
<testsuite hostname="srijan-kumar-khan-Lenovo-G780" failures="0" tests="1" name="com.cucumbertests.TestNGTestRunner" time="13.647" errors="0" timestamp="2024-10-28T10:28:23 IST" skipped="0">
  <testcase classname="com.cucumbertests.TestNGTestRunner" name="runScenario" time="13.647"/>
</testsuite> <!-- com.cucumbertests.TestNGTestRunner -->
