<?xml version="1.0" encoding="UTF-8"?>
<!-- Generated by org.testng.reporters.JUnitReportReporter -->
<testsuite hostname="srijan-kumar-khan-Lenovo-G780" failures="0" tests="3" name="com.SeleniumFrameworkDesign.tests.SubmitOrderTest" time="28.878" errors="0" timestamp="2024-10-28T09:04:17 IST" skipped="0">
  <testcase classname="com.SeleniumFrameworkDesign.tests.SubmitOrderTest" name="submitOrder" time="12.085"/>
  <testcase classname="com.SeleniumFrameworkDesign.tests.SubmitOrderTest" name="OrderHistoryTest" time="4.564"/>
  <testcase classname="com.SeleniumFrameworkDesign.tests.SubmitOrderTest" name="submitOrder" time="12.229"/>
</testsuite> <!-- com.SeleniumFrameworkDesign.tests.SubmitOrderTest -->
